-------------------------------------------------------------------------------
Test set: xsando.AppTest
-------------------------------------------------------------------------------
Tests run: 1, Failures: 1, Errors: 0, Skipped: 0, Time elapsed: 0.024 s <<< FAILURE! - in xsando.AppTest
testRemoval(xsando.AppTest)  Time elapsed: 0.004 s  <<< FAILURE!
org.junit.ComparisonFailure: expected:<loquen[]> but was:<loquen[t]>
	at xsando.AppTest.testRemoval(AppTest.java:15)

